09:17:24.275 [main] INFO  org.springframework.web.servlet.DispatcherServlet - FrameworkServlet 'appServlet': initialization started
09:17:24.278 [main] INFO  o.s.web.context.support.XmlWebApplicationContext - Refreshing WebApplicationContext for namespace 'appServlet-servlet': startup date [Wed Aug 05 09:17:24 CST 2015]; parent: Root WebApplicationContext
09:17:24.280 [main] INFO  o.s.beans.factory.xml.XmlBeanDefinitionReader - Loading XML bean definitions from class path resource [config/servlet-context.xml]
09:17:25.056 [main] INFO  o.s.w.s.m.m.a.RequestMappingHandlerMapping - Mapped "{[/index],methods=[],params=[],headers=[],consumes=[],produces=[],custom=[]}" onto public java.lang.String metrics.controller.MainController.index()
09:17:25.057 [main] INFO  o.s.w.s.m.m.a.RequestMappingHandlerMapping - Mapped "{[/login],methods=[],params=[],headers=[],consumes=[],produces=[],custom=[]}" onto public java.lang.String metrics.controller.MainController.login()
09:17:25.058 [main] INFO  o.s.w.s.m.m.a.RequestMappingHandlerMapping - Mapped "{[/association],methods=[],params=[],headers=[],consumes=[],produces=[],custom=[]}" onto public java.lang.String metrics.controller.MainController.association()
09:17:25.058 [main] INFO  o.s.w.s.m.m.a.RequestMappingHandlerMapping - Mapped "{[/document],methods=[],params=[],headers=[],consumes=[],produces=[],custom=[]}" onto public java.lang.String metrics.controller.MainController.document()
09:17:25.059 [main] INFO  o.s.w.s.m.m.a.RequestMappingHandlerMapping - Mapped "{[/test],methods=[],params=[],headers=[],consumes=[],produces=[],custom=[]}" onto public java.lang.String metrics.controller.TestController.test()
09:17:25.061 [main] INFO  o.s.w.s.m.m.a.RequestMappingHandlerMapping - Mapped "{[/association/queryAssociations],methods=[],params=[],headers=[],consumes=[],produces=[],custom=[]}" onto public java.util.List<metrics.rest.dto.AssociationResponse> metrics.rest.AssociationController.queryAssociations(metrics.rest.dto.AssociationCriteria)
09:17:25.062 [main] INFO  o.s.w.s.m.m.a.RequestMappingHandlerMapping - Mapped "{[/association/queryAssociationsCount],methods=[],params=[],headers=[],consumes=[],produces=[],custom=[]}" onto public java.lang.Long metrics.rest.AssociationController.queryAssociationsCount(metrics.rest.dto.AssociationCriteria)
09:17:25.062 [main] INFO  o.s.w.s.m.m.a.RequestMappingHandlerMapping - Mapped "{[/association/createAssociation],methods=[],params=[],headers=[],consumes=[],produces=[],custom=[]}" onto public void metrics.rest.AssociationController.createAssociation(metrics.rest.dto.AssociationRequest)
09:17:25.062 [main] INFO  o.s.w.s.m.m.a.RequestMappingHandlerMapping - Mapped "{[/association/updateAssociation],methods=[],params=[],headers=[],consumes=[],produces=[],custom=[]}" onto public void metrics.rest.AssociationController.updateAssociation(metrics.rest.dto.AssociationRequest)
09:17:25.065 [main] INFO  o.s.w.s.m.m.a.RequestMappingHandlerMapping - Mapped "{[/document/create],methods=[],params=[],headers=[],consumes=[],produces=[],custom=[]}" onto public java.lang.Long metrics.rest.DocumentController.create(metrics.model.Document)
09:17:25.066 [main] INFO  o.s.w.s.m.m.a.RequestMappingHandlerMapping - Mapped "{[/document/update],methods=[],params=[],headers=[],consumes=[],produces=[],custom=[]}" onto public void metrics.rest.DocumentController.update(metrics.model.Document)
09:17:25.066 [main] INFO  o.s.w.s.m.m.a.RequestMappingHandlerMapping - Mapped "{[/document/enabled],methods=[],params=[],headers=[],consumes=[],produces=[],custom=[]}" onto public void metrics.rest.DocumentController.enabled(java.lang.Long,java.lang.Integer)
09:17:25.067 [main] INFO  o.s.w.s.m.m.a.RequestMappingHandlerMapping - Mapped "{[/document/findOne],methods=[],params=[],headers=[],consumes=[],produces=[],custom=[]}" onto public metrics.model.Document metrics.rest.DocumentController.findOne(java.lang.Long)
09:17:25.067 [main] INFO  o.s.w.s.m.m.a.RequestMappingHandlerMapping - Mapped "{[/document/queryDocumentsCount],methods=[],params=[],headers=[],consumes=[],produces=[],custom=[]}" onto public java.lang.Long metrics.rest.DocumentController.queryDocumentsCount(metrics.rest.dto.DocumentQueryCriteria)
09:17:25.068 [main] INFO  o.s.w.s.m.m.a.RequestMappingHandlerMapping - Mapped "{[/document/queryDocuments],methods=[],params=[],headers=[],consumes=[],produces=[],custom=[]}" onto public java.util.List<metrics.model.Document> metrics.rest.DocumentController.queryDocuments(metrics.rest.dto.DocumentQueryCriteria)
09:17:25.071 [main] INFO  o.s.w.s.m.m.a.RequestMappingHandlerMapping - Mapped "{[/theme/create],methods=[],params=[],headers=[],consumes=[],produces=[],custom=[]}" onto public java.lang.Long metrics.rest.ThemeController.create(metrics.model.Theme)
09:17:25.071 [main] INFO  o.s.w.s.m.m.a.RequestMappingHandlerMapping - Mapped "{[/theme/update],methods=[],params=[],headers=[],consumes=[],produces=[],custom=[]}" onto public void metrics.rest.ThemeController.update(metrics.model.Theme)
09:17:25.072 [main] INFO  o.s.w.s.m.m.a.RequestMappingHandlerMapping - Mapped "{[/theme/enabled],methods=[],params=[],headers=[],consumes=[],produces=[],custom=[]}" onto public void metrics.rest.ThemeController.enabled(java.lang.Long,java.lang.Integer)
09:17:25.073 [main] INFO  o.s.w.s.m.m.a.RequestMappingHandlerMapping - Mapped "{[/theme/queryThemesCount],methods=[],params=[],headers=[],consumes=[],produces=[],custom=[]}" onto public java.lang.Long metrics.rest.ThemeController.queryThemesCount(java.lang.String)
09:17:25.073 [main] INFO  o.s.w.s.m.m.a.RequestMappingHandlerMapping - Mapped "{[/theme/queryThemes],methods=[],params=[],headers=[],consumes=[],produces=[],custom=[]}" onto public java.util.List<metrics.model.Theme> metrics.rest.ThemeController.queryThemes(java.lang.String,java.lang.Integer,java.lang.Integer,java.lang.String,java.lang.String)
09:17:25.073 [main] INFO  o.s.w.s.m.m.a.RequestMappingHandlerMapping - Mapped "{[/theme/findOne],methods=[],params=[],headers=[],consumes=[],produces=[],custom=[]}" onto public metrics.model.Theme metrics.rest.ThemeController.findOne(java.lang.Long)
09:17:25.074 [main] INFO  o.s.w.s.m.m.a.RequestMappingHandlerMapping - Mapped "{[/theme/queryValidThemes],methods=[],params=[],headers=[],consumes=[],produces=[],custom=[]}" onto public java.util.List<metrics.model.Theme> metrics.rest.ThemeController.queryValidThemes()
09:17:25.570 [main] INFO  o.s.w.s.m.m.a.RequestMappingHandlerAdapter - Looking for @ControllerAdvice: WebApplicationContext for namespace 'appServlet-servlet': startup date [Wed Aug 05 09:17:24 CST 2015]; parent: Root WebApplicationContext
09:17:25.697 [main] INFO  o.s.w.s.m.m.a.RequestMappingHandlerAdapter - Looking for @ControllerAdvice: WebApplicationContext for namespace 'appServlet-servlet': startup date [Wed Aug 05 09:17:24 CST 2015]; parent: Root WebApplicationContext
09:17:25.859 [main] INFO  metrics.controller.TestController - =============================
09:17:26.010 [main] INFO  o.s.web.servlet.handler.SimpleUrlHandlerMapping - Mapped URL path [/resources/**] onto handler 'org.springframework.web.servlet.resource.ResourceHttpRequestHandler#0'
09:17:26.127 [main] INFO  org.springframework.web.servlet.DispatcherServlet - FrameworkServlet 'appServlet': initialization completed in 1851 ms
09:17:54.279 [qtp764262251-16] WARN  org.springframework.web.servlet.PageNotFound - No mapping found for HTTP request with URI [/assets/flash/ZeroClipboard.swf] in DispatcherServlet with name 'appServlet'
09:18:24.797 [qtp764262251-16] INFO  annotation.log.SystemLogAspect - Controller===metrics.controller.MainController=====index=====创建元词:=====
09:18:25.344 [qtp764262251-19] WARN  org.springframework.web.servlet.PageNotFound - No mapping found for HTTP request with URI [/assets/flash/ZeroClipboard.swf] in DispatcherServlet with name 'appServlet'
09:23:07.485 [qtp764262251-19] WARN  org.springframework.web.servlet.PageNotFound - No mapping found for HTTP request with URI [/dashboard/ie-emulation-modes-warning.js] in DispatcherServlet with name 'appServlet'
09:23:07.656 [qtp764262251-17] WARN  org.springframework.web.servlet.PageNotFound - No mapping found for HTTP request with URI [/assets/flash/ZeroClipboard.swf] in DispatcherServlet with name 'appServlet'
09:23:09.801 [qtp764262251-16] WARN  org.springframework.web.servlet.PageNotFound - No mapping found for HTTP request with URI [/assets/flash/ZeroClipboard.swf] in DispatcherServlet with name 'appServlet'
09:23:12.678 [qtp764262251-13] INFO  annotation.log.SystemLogAspect - Controller===metrics.controller.MainController=====index=====创建元词:=====
09:23:12.699 [qtp764262251-14] INFO  annotation.log.SystemLogAspect - Controller===metrics.controller.MainController=====index=====创建元词:=====
09:23:12.919 [qtp764262251-17] WARN  org.springframework.web.servlet.PageNotFound - No mapping found for HTTP request with URI [/assets/flash/ZeroClipboard.swf] in DispatcherServlet with name 'appServlet'
09:23:14.776 [qtp764262251-16] WARN  org.springframework.web.servlet.PageNotFound - No mapping found for HTTP request with URI [/dashboard/ie-emulation-modes-warning.js] in DispatcherServlet with name 'appServlet'
09:23:14.926 [qtp764262251-14] WARN  org.springframework.web.servlet.PageNotFound - No mapping found for HTTP request with URI [/assets/flash/ZeroClipboard.swf] in DispatcherServlet with name 'appServlet'
09:23:16.033 [qtp764262251-14] WARN  org.springframework.web.servlet.PageNotFound - No mapping found for HTTP request with URI [/assets/flash/ZeroClipboard.swf] in DispatcherServlet with name 'appServlet'
09:23:33.523 [qtp764262251-13] WARN  org.springframework.web.servlet.PageNotFound - No mapping found for HTTP request with URI [/assets/flash/ZeroClipboard.swf] in DispatcherServlet with name 'appServlet'
09:23:36.297 [qtp764262251-16] WARN  org.springframework.web.servlet.PageNotFound - No mapping found for HTTP request with URI [/assets/flash/ZeroClipboard.swf] in DispatcherServlet with name 'appServlet'
09:23:43.924 [qtp764262251-13] WARN  org.springframework.web.servlet.PageNotFound - No mapping found for HTTP request with URI [/assets/flash/ZeroClipboard.swf] in DispatcherServlet with name 'appServlet'
09:24:19.224 [main] INFO  org.springframework.web.servlet.DispatcherServlet - FrameworkServlet 'appServlet': initialization started
09:24:19.226 [main] INFO  o.s.web.context.support.XmlWebApplicationContext - Refreshing WebApplicationContext for namespace 'appServlet-servlet': startup date [Wed Aug 05 09:24:19 CST 2015]; parent: Root WebApplicationContext
09:24:19.228 [main] INFO  o.s.beans.factory.xml.XmlBeanDefinitionReader - Loading XML bean definitions from class path resource [config/servlet-context.xml]
09:24:20.029 [main] INFO  o.s.w.s.m.m.a.RequestMappingHandlerMapping - Mapped "{[/index],methods=[],params=[],headers=[],consumes=[],produces=[],custom=[]}" onto public java.lang.String metrics.controller.MainController.index(java.lang.String,java.lang.String)
09:24:20.029 [main] INFO  o.s.w.s.m.m.a.RequestMappingHandlerMapping - Mapped "{[/login],methods=[],params=[],headers=[],consumes=[],produces=[],custom=[]}" onto public java.lang.String metrics.controller.MainController.login()
09:24:20.029 [main] INFO  o.s.w.s.m.m.a.RequestMappingHandlerMapping - Mapped "{[/association],methods=[],params=[],headers=[],consumes=[],produces=[],custom=[]}" onto public java.lang.String metrics.controller.MainController.association()
09:24:20.030 [main] INFO  o.s.w.s.m.m.a.RequestMappingHandlerMapping - Mapped "{[/document],methods=[],params=[],headers=[],consumes=[],produces=[],custom=[]}" onto public java.lang.String metrics.controller.MainController.document()
09:24:20.030 [main] INFO  o.s.w.s.m.m.a.RequestMappingHandlerMapping - Mapped "{[/test],methods=[],params=[],headers=[],consumes=[],produces=[],custom=[]}" onto public java.lang.String metrics.controller.TestController.test()
09:24:20.032 [main] INFO  o.s.w.s.m.m.a.RequestMappingHandlerMapping - Mapped "{[/association/createAssociation],methods=[],params=[],headers=[],consumes=[],produces=[],custom=[]}" onto public void metrics.rest.AssociationController.createAssociation(metrics.rest.dto.AssociationRequest)
09:24:20.033 [main] INFO  o.s.w.s.m.m.a.RequestMappingHandlerMapping - Mapped "{[/association/updateAssociation],methods=[],params=[],headers=[],consumes=[],produces=[],custom=[]}" onto public void metrics.rest.AssociationController.updateAssociation(metrics.rest.dto.AssociationRequest)
09:24:20.033 [main] INFO  o.s.w.s.m.m.a.RequestMappingHandlerMapping - Mapped "{[/association/queryAssociations],methods=[],params=[],headers=[],consumes=[],produces=[],custom=[]}" onto public java.util.List<metrics.rest.dto.AssociationResponse> metrics.rest.AssociationController.queryAssociations(metrics.rest.dto.AssociationCriteria)
09:24:20.033 [main] INFO  o.s.w.s.m.m.a.RequestMappingHandlerMapping - Mapped "{[/association/queryAssociationsCount],methods=[],params=[],headers=[],consumes=[],produces=[],custom=[]}" onto public java.lang.Long metrics.rest.AssociationController.queryAssociationsCount(metrics.rest.dto.AssociationCriteria)
09:24:20.036 [main] INFO  o.s.w.s.m.m.a.RequestMappingHandlerMapping - Mapped "{[/document/update],methods=[],params=[],headers=[],consumes=[],produces=[],custom=[]}" onto public void metrics.rest.DocumentController.update(metrics.model.Document)
09:24:20.037 [main] INFO  o.s.w.s.m.m.a.RequestMappingHandlerMapping - Mapped "{[/document/create],methods=[],params=[],headers=[],consumes=[],produces=[],custom=[]}" onto public java.lang.Long metrics.rest.DocumentController.create(metrics.model.Document)
09:24:20.037 [main] INFO  o.s.w.s.m.m.a.RequestMappingHandlerMapping - Mapped "{[/document/enabled],methods=[],params=[],headers=[],consumes=[],produces=[],custom=[]}" onto public void metrics.rest.DocumentController.enabled(java.lang.Long,java.lang.Integer)
09:24:20.037 [main] INFO  o.s.w.s.m.m.a.RequestMappingHandlerMapping - Mapped "{[/document/queryDocumentsCount],methods=[],params=[],headers=[],consumes=[],produces=[],custom=[]}" onto public java.lang.Long metrics.rest.DocumentController.queryDocumentsCount(metrics.rest.dto.DocumentQueryCriteria)
09:24:20.037 [main] INFO  o.s.w.s.m.m.a.RequestMappingHandlerMapping - Mapped "{[/document/queryDocuments],methods=[],params=[],headers=[],consumes=[],produces=[],custom=[]}" onto public java.util.List<metrics.model.Document> metrics.rest.DocumentController.queryDocuments(metrics.rest.dto.DocumentQueryCriteria)
09:24:20.038 [main] INFO  o.s.w.s.m.m.a.RequestMappingHandlerMapping - Mapped "{[/document/findOne],methods=[],params=[],headers=[],consumes=[],produces=[],custom=[]}" onto public metrics.model.Document metrics.rest.DocumentController.findOne(java.lang.Long)
09:24:20.041 [main] INFO  o.s.w.s.m.m.a.RequestMappingHandlerMapping - Mapped "{[/theme/update],methods=[],params=[],headers=[],consumes=[],produces=[],custom=[]}" onto public void metrics.rest.ThemeController.update(metrics.model.Theme)
09:24:20.041 [main] INFO  o.s.w.s.m.m.a.RequestMappingHandlerMapping - Mapped "{[/theme/create],methods=[],params=[],headers=[],consumes=[],produces=[],custom=[]}" onto public java.lang.Long metrics.rest.ThemeController.create(metrics.model.Theme)
09:24:20.042 [main] INFO  o.s.w.s.m.m.a.RequestMappingHandlerMapping - Mapped "{[/theme/enabled],methods=[],params=[],headers=[],consumes=[],produces=[],custom=[]}" onto public void metrics.rest.ThemeController.enabled(java.lang.Long,java.lang.Integer)
09:24:20.042 [main] INFO  o.s.w.s.m.m.a.RequestMappingHandlerMapping - Mapped "{[/theme/queryThemes],methods=[],params=[],headers=[],consumes=[],produces=[],custom=[]}" onto public java.util.List<metrics.model.Theme> metrics.rest.ThemeController.queryThemes(java.lang.String,java.lang.Integer,java.lang.Integer,java.lang.String,java.lang.String)
09:24:20.042 [main] INFO  o.s.w.s.m.m.a.RequestMappingHandlerMapping - Mapped "{[/theme/queryThemesCount],methods=[],params=[],headers=[],consumes=[],produces=[],custom=[]}" onto public java.lang.Long metrics.rest.ThemeController.queryThemesCount(java.lang.String)
09:24:20.042 [main] INFO  o.s.w.s.m.m.a.RequestMappingHandlerMapping - Mapped "{[/theme/queryValidThemes],methods=[],params=[],headers=[],consumes=[],produces=[],custom=[]}" onto public java.util.List<metrics.model.Theme> metrics.rest.ThemeController.queryValidThemes()
09:24:20.043 [main] INFO  o.s.w.s.m.m.a.RequestMappingHandlerMapping - Mapped "{[/theme/findOne],methods=[],params=[],headers=[],consumes=[],produces=[],custom=[]}" onto public metrics.model.Theme metrics.rest.ThemeController.findOne(java.lang.Long)
09:24:20.508 [main] INFO  o.s.w.s.m.m.a.RequestMappingHandlerAdapter - Looking for @ControllerAdvice: WebApplicationContext for namespace 'appServlet-servlet': startup date [Wed Aug 05 09:24:19 CST 2015]; parent: Root WebApplicationContext
09:24:20.648 [main] INFO  o.s.w.s.m.m.a.RequestMappingHandlerAdapter - Looking for @ControllerAdvice: WebApplicationContext for namespace 'appServlet-servlet': startup date [Wed Aug 05 09:24:19 CST 2015]; parent: Root WebApplicationContext
09:24:20.805 [main] INFO  metrics.controller.TestController - =============================
09:24:20.958 [main] INFO  o.s.web.servlet.handler.SimpleUrlHandlerMapping - Mapped URL path [/resources/**] onto handler 'org.springframework.web.servlet.resource.ResourceHttpRequestHandler#0'
09:24:21.080 [main] INFO  org.springframework.web.servlet.DispatcherServlet - FrameworkServlet 'appServlet': initialization completed in 1856 ms
09:24:35.893 [qtp764262251-14] INFO  annotation.log.SystemLogAspect - Controller===metrics.controller.MainController=====index=====创建元词:=====
09:24:36.568 [qtp764262251-20] INFO  annotation.log.SystemLogAspect - Controller===metrics.controller.MainController=====index=====创建元词:=====
09:24:37.120 [qtp764262251-17] WARN  org.springframework.web.servlet.PageNotFound - No mapping found for HTTP request with URI [/assets/flash/ZeroClipboard.swf] in DispatcherServlet with name 'appServlet'
09:24:49.825 [qtp764262251-16] WARN  org.springframework.web.servlet.PageNotFound - No mapping found for HTTP request with URI [/assets/flash/ZeroClipboard.swf] in DispatcherServlet with name 'appServlet'
09:24:58.947 [qtp764262251-18] INFO  annotation.log.SystemLogAspect - Controller===metrics.controller.MainController=====index=====创建元词:=====
09:24:59.095 [qtp764262251-17] WARN  org.springframework.web.servlet.PageNotFound - No mapping found for HTTP request with URI [/assets/flash/ZeroClipboard.swf] in DispatcherServlet with name 'appServlet'
10:23:52.729 [main] INFO  org.springframework.web.servlet.DispatcherServlet - FrameworkServlet 'appServlet': initialization started
10:23:52.734 [main] INFO  o.s.web.context.support.XmlWebApplicationContext - Refreshing WebApplicationContext for namespace 'appServlet-servlet': startup date [Wed Aug 05 10:23:52 CST 2015]; parent: Root WebApplicationContext
10:23:52.736 [main] INFO  o.s.beans.factory.xml.XmlBeanDefinitionReader - Loading XML bean definitions from class path resource [config/servlet-context.xml]
10:23:53.455 [main] INFO  o.s.w.s.m.m.a.RequestMappingHandlerMapping - Mapped "{[/index],methods=[],params=[],headers=[],consumes=[],produces=[],custom=[]}" onto public java.lang.String metrics.controller.MainController.index()
10:23:53.455 [main] INFO  o.s.w.s.m.m.a.RequestMappingHandlerMapping - Mapped "{[/check],methods=[],params=[],headers=[],consumes=[],produces=[],custom=[]}" onto public java.lang.String metrics.controller.MainController.check(java.lang.String,java.lang.String)
10:23:53.456 [main] INFO  o.s.w.s.m.m.a.RequestMappingHandlerMapping - Mapped "{[/login],methods=[],params=[],headers=[],consumes=[],produces=[],custom=[]}" onto public java.lang.String metrics.controller.MainController.login()
10:23:53.456 [main] INFO  o.s.w.s.m.m.a.RequestMappingHandlerMapping - Mapped "{[/association],methods=[],params=[],headers=[],consumes=[],produces=[],custom=[]}" onto public java.lang.String metrics.controller.MainController.association()
10:23:53.456 [main] INFO  o.s.w.s.m.m.a.RequestMappingHandlerMapping - Mapped "{[/document],methods=[],params=[],headers=[],consumes=[],produces=[],custom=[]}" onto public java.lang.String metrics.controller.MainController.document()
10:23:53.457 [main] INFO  o.s.w.s.m.m.a.RequestMappingHandlerMapping - Mapped "{[/test],methods=[],params=[],headers=[],consumes=[],produces=[],custom=[]}" onto public java.lang.String metrics.controller.TestController.test()
10:23:53.459 [main] INFO  o.s.w.s.m.m.a.RequestMappingHandlerMapping - Mapped "{[/association/createAssociation],methods=[],params=[],headers=[],consumes=[],produces=[],custom=[]}" onto public void metrics.rest.AssociationController.createAssociation(metrics.rest.dto.AssociationRequest)
10:23:53.459 [main] INFO  o.s.w.s.m.m.a.RequestMappingHandlerMapping - Mapped "{[/association/updateAssociation],methods=[],params=[],headers=[],consumes=[],produces=[],custom=[]}" onto public void metrics.rest.AssociationController.updateAssociation(metrics.rest.dto.AssociationRequest)
10:23:53.459 [main] INFO  o.s.w.s.m.m.a.RequestMappingHandlerMapping - Mapped "{[/association/queryAssociations],methods=[],params=[],headers=[],consumes=[],produces=[],custom=[]}" onto public java.util.List<metrics.rest.dto.AssociationResponse> metrics.rest.AssociationController.queryAssociations(metrics.rest.dto.AssociationCriteria)
10:23:53.460 [main] INFO  o.s.w.s.m.m.a.RequestMappingHandlerMapping - Mapped "{[/association/queryAssociationsCount],methods=[],params=[],headers=[],consumes=[],produces=[],custom=[]}" onto public java.lang.Long metrics.rest.AssociationController.queryAssociationsCount(metrics.rest.dto.AssociationCriteria)
10:23:53.462 [main] INFO  o.s.w.s.m.m.a.RequestMappingHandlerMapping - Mapped "{[/document/update],methods=[],params=[],headers=[],consumes=[],produces=[],custom=[]}" onto public void metrics.rest.DocumentController.update(metrics.model.Document)
10:23:53.462 [main] INFO  o.s.w.s.m.m.a.RequestMappingHandlerMapping - Mapped "{[/document/create],methods=[],params=[],headers=[],consumes=[],produces=[],custom=[]}" onto public java.lang.Long metrics.rest.DocumentController.create(metrics.model.Document)
10:23:53.463 [main] INFO  o.s.w.s.m.m.a.RequestMappingHandlerMapping - Mapped "{[/document/enabled],methods=[],params=[],headers=[],consumes=[],produces=[],custom=[]}" onto public void metrics.rest.DocumentController.enabled(java.lang.Long,java.lang.Integer)
10:23:53.463 [main] INFO  o.s.w.s.m.m.a.RequestMappingHandlerMapping - Mapped "{[/document/queryDocumentsCount],methods=[],params=[],headers=[],consumes=[],produces=[],custom=[]}" onto public java.lang.Long metrics.rest.DocumentController.queryDocumentsCount(metrics.rest.dto.DocumentQueryCriteria)
10:23:53.463 [main] INFO  o.s.w.s.m.m.a.RequestMappingHandlerMapping - Mapped "{[/document/queryDocuments],methods=[],params=[],headers=[],consumes=[],produces=[],custom=[]}" onto public java.util.List<metrics.model.Document> metrics.rest.DocumentController.queryDocuments(metrics.rest.dto.DocumentQueryCriteria)
10:23:53.463 [main] INFO  o.s.w.s.m.m.a.RequestMappingHandlerMapping - Mapped "{[/document/findOne],methods=[],params=[],headers=[],consumes=[],produces=[],custom=[]}" onto public metrics.model.Document metrics.rest.DocumentController.findOne(java.lang.Long)
10:23:53.467 [main] INFO  o.s.w.s.m.m.a.RequestMappingHandlerMapping - Mapped "{[/theme/update],methods=[],params=[],headers=[],consumes=[],produces=[],custom=[]}" onto public void metrics.rest.ThemeController.update(metrics.model.Theme)
10:23:53.467 [main] INFO  o.s.w.s.m.m.a.RequestMappingHandlerMapping - Mapped "{[/theme/create],methods=[],params=[],headers=[],consumes=[],produces=[],custom=[]}" onto public java.lang.Long metrics.rest.ThemeController.create(metrics.model.Theme)
10:23:53.468 [main] INFO  o.s.w.s.m.m.a.RequestMappingHandlerMapping - Mapped "{[/theme/enabled],methods=[],params=[],headers=[],consumes=[],produces=[],custom=[]}" onto public void metrics.rest.ThemeController.enabled(java.lang.Long,java.lang.Integer)
10:23:53.468 [main] INFO  o.s.w.s.m.m.a.RequestMappingHandlerMapping - Mapped "{[/theme/queryThemesCount],methods=[],params=[],headers=[],consumes=[],produces=[],custom=[]}" onto public java.lang.Long metrics.rest.ThemeController.queryThemesCount(java.lang.String)
10:23:53.468 [main] INFO  o.s.w.s.m.m.a.RequestMappingHandlerMapping - Mapped "{[/theme/queryValidThemes],methods=[],params=[],headers=[],consumes=[],produces=[],custom=[]}" onto public java.util.List<metrics.model.Theme> metrics.rest.ThemeController.queryValidThemes()
10:23:53.468 [main] INFO  o.s.w.s.m.m.a.RequestMappingHandlerMapping - Mapped "{[/theme/queryThemes],methods=[],params=[],headers=[],consumes=[],produces=[],custom=[]}" onto public java.util.List<metrics.model.Theme> metrics.rest.ThemeController.queryThemes(java.lang.String,java.lang.Integer,java.lang.Integer,java.lang.String,java.lang.String)
10:23:53.469 [main] INFO  o.s.w.s.m.m.a.RequestMappingHandlerMapping - Mapped "{[/theme/findOne],methods=[],params=[],headers=[],consumes=[],produces=[],custom=[]}" onto public metrics.model.Theme metrics.rest.ThemeController.findOne(java.lang.Long)
10:23:53.939 [main] INFO  o.s.w.s.m.m.a.RequestMappingHandlerAdapter - Looking for @ControllerAdvice: WebApplicationContext for namespace 'appServlet-servlet': startup date [Wed Aug 05 10:23:52 CST 2015]; parent: Root WebApplicationContext
10:23:54.075 [main] INFO  o.s.w.s.m.m.a.RequestMappingHandlerAdapter - Looking for @ControllerAdvice: WebApplicationContext for namespace 'appServlet-servlet': startup date [Wed Aug 05 10:23:52 CST 2015]; parent: Root WebApplicationContext
10:23:54.267 [main] INFO  metrics.controller.TestController - =============================
10:23:54.442 [main] INFO  o.s.web.servlet.handler.SimpleUrlHandlerMapping - Mapped URL path [/resources/**] onto handler 'org.springframework.web.servlet.resource.ResourceHttpRequestHandler#0'
10:23:54.552 [main] INFO  org.springframework.web.servlet.DispatcherServlet - FrameworkServlet 'appServlet': initialization completed in 1822 ms
10:25:41.432 [qtp1005748084-14] INFO  annotation.log.SystemLogAspect - Controller===metrics.controller.MainController=====index=====创建元词:=====
10:25:42.984 [qtp1005748084-13] WARN  org.springframework.web.servlet.PageNotFound - No mapping found for HTTP request with URI [/assets/flash/ZeroClipboard.swf] in DispatcherServlet with name 'appServlet'
10:26:26.702 [qtp1005748084-14] WARN  org.springframework.web.servlet.PageNotFound - No mapping found for HTTP request with URI [/assets/flash/ZeroClipboard.swf] in DispatcherServlet with name 'appServlet'
10:27:07.121 [qtp1005748084-14] INFO  annotation.log.SystemLogAspect - Controller===metrics.controller.MainController=====index=====创建元词:=====
10:27:07.300 [qtp1005748084-17] WARN  org.springframework.web.servlet.PageNotFound - No mapping found for HTTP request with URI [/assets/flash/ZeroClipboard.swf] in DispatcherServlet with name 'appServlet'
10:48:26.809 [main] INFO  org.springframework.web.servlet.DispatcherServlet - FrameworkServlet 'appServlet': initialization started
10:48:26.813 [main] INFO  o.s.web.context.support.XmlWebApplicationContext - Refreshing WebApplicationContext for namespace 'appServlet-servlet': startup date [Wed Aug 05 10:48:26 CST 2015]; parent: Root WebApplicationContext
10:48:26.815 [main] INFO  o.s.beans.factory.xml.XmlBeanDefinitionReader - Loading XML bean definitions from class path resource [config/servlet-context.xml]
10:48:27.619 [main] INFO  o.s.w.s.m.m.a.RequestMappingHandlerMapping - Mapped "{[/check],methods=[],params=[],headers=[],consumes=[],produces=[],custom=[]}" onto public java.lang.String metrics.controller.MainController.check(java.lang.String,java.lang.String,javax.servlet.http.HttpServletRequest)
10:48:27.619 [main] INFO  o.s.w.s.m.m.a.RequestMappingHandlerMapping - Mapped "{[/index],methods=[],params=[],headers=[],consumes=[],produces=[],custom=[]}" onto public java.lang.String metrics.controller.MainController.index()
10:48:27.619 [main] INFO  o.s.w.s.m.m.a.RequestMappingHandlerMapping - Mapped "{[/login],methods=[],params=[],headers=[],consumes=[],produces=[],custom=[]}" onto public java.lang.String metrics.controller.MainController.login()
10:48:27.620 [main] INFO  o.s.w.s.m.m.a.RequestMappingHandlerMapping - Mapped "{[/association],methods=[],params=[],headers=[],consumes=[],produces=[],custom=[]}" onto public java.lang.String metrics.controller.MainController.association()
10:48:27.620 [main] INFO  o.s.w.s.m.m.a.RequestMappingHandlerMapping - Mapped "{[/document],methods=[],params=[],headers=[],consumes=[],produces=[],custom=[]}" onto public java.lang.String metrics.controller.MainController.document()
10:48:27.621 [main] INFO  o.s.w.s.m.m.a.RequestMappingHandlerMapping - Mapped "{[/test],methods=[],params=[],headers=[],consumes=[],produces=[],custom=[]}" onto public java.lang.String metrics.controller.TestController.test()
10:48:27.623 [main] INFO  o.s.w.s.m.m.a.RequestMappingHandlerMapping - Mapped "{[/association/createAssociation],methods=[],params=[],headers=[],consumes=[],produces=[],custom=[]}" onto public void metrics.rest.AssociationController.createAssociation(metrics.rest.dto.AssociationRequest)
10:48:27.623 [main] INFO  o.s.w.s.m.m.a.RequestMappingHandlerMapping - Mapped "{[/association/updateAssociation],methods=[],params=[],headers=[],consumes=[],produces=[],custom=[]}" onto public void metrics.rest.AssociationController.updateAssociation(metrics.rest.dto.AssociationRequest)
10:48:27.623 [main] INFO  o.s.w.s.m.m.a.RequestMappingHandlerMapping - Mapped "{[/association/queryAssociations],methods=[],params=[],headers=[],consumes=[],produces=[],custom=[]}" onto public java.util.List<metrics.rest.dto.AssociationResponse> metrics.rest.AssociationController.queryAssociations(metrics.rest.dto.AssociationCriteria)
10:48:27.624 [main] INFO  o.s.w.s.m.m.a.RequestMappingHandlerMapping - Mapped "{[/association/queryAssociationsCount],methods=[],params=[],headers=[],consumes=[],produces=[],custom=[]}" onto public java.lang.Long metrics.rest.AssociationController.queryAssociationsCount(metrics.rest.dto.AssociationCriteria)
10:48:27.627 [main] INFO  o.s.w.s.m.m.a.RequestMappingHandlerMapping - Mapped "{[/document/create],methods=[],params=[],headers=[],consumes=[],produces=[],custom=[]}" onto public java.lang.Long metrics.rest.DocumentController.create(metrics.model.Document)
10:48:27.627 [main] INFO  o.s.w.s.m.m.a.RequestMappingHandlerMapping - Mapped "{[/document/update],methods=[],params=[],headers=[],consumes=[],produces=[],custom=[]}" onto public void metrics.rest.DocumentController.update(metrics.model.Document)
10:48:27.628 [main] INFO  o.s.w.s.m.m.a.RequestMappingHandlerMapping - Mapped "{[/document/enabled],methods=[],params=[],headers=[],consumes=[],produces=[],custom=[]}" onto public void metrics.rest.DocumentController.enabled(java.lang.Long,java.lang.Integer)
10:48:27.628 [main] INFO  o.s.w.s.m.m.a.RequestMappingHandlerMapping - Mapped "{[/document/findOne],methods=[],params=[],headers=[],consumes=[],produces=[],custom=[]}" onto public metrics.model.Document metrics.rest.DocumentController.findOne(java.lang.Long)
10:48:27.628 [main] INFO  o.s.w.s.m.m.a.RequestMappingHandlerMapping - Mapped "{[/document/queryDocumentsCount],methods=[],params=[],headers=[],consumes=[],produces=[],custom=[]}" onto public java.lang.Long metrics.rest.DocumentController.queryDocumentsCount(metrics.rest.dto.DocumentQueryCriteria)
10:48:27.628 [main] INFO  o.s.w.s.m.m.a.RequestMappingHandlerMapping - Mapped "{[/document/queryDocuments],methods=[],params=[],headers=[],consumes=[],produces=[],custom=[]}" onto public java.util.List<metrics.model.Document> metrics.rest.DocumentController.queryDocuments(metrics.rest.dto.DocumentQueryCriteria)
10:48:27.632 [main] INFO  o.s.w.s.m.m.a.RequestMappingHandlerMapping - Mapped "{[/theme/create],methods=[],params=[],headers=[],consumes=[],produces=[],custom=[]}" onto public java.lang.Long metrics.rest.ThemeController.create(metrics.model.Theme)
10:48:27.633 [main] INFO  o.s.w.s.m.m.a.RequestMappingHandlerMapping - Mapped "{[/theme/update],methods=[],params=[],headers=[],consumes=[],produces=[],custom=[]}" onto public void metrics.rest.ThemeController.update(metrics.model.Theme)
10:48:27.633 [main] INFO  o.s.w.s.m.m.a.RequestMappingHandlerMapping - Mapped "{[/theme/enabled],methods=[],params=[],headers=[],consumes=[],produces=[],custom=[]}" onto public void metrics.rest.ThemeController.enabled(java.lang.Long,java.lang.Integer)
10:48:27.634 [main] INFO  o.s.w.s.m.m.a.RequestMappingHandlerMapping - Mapped "{[/theme/findOne],methods=[],params=[],headers=[],consumes=[],produces=[],custom=[]}" onto public metrics.model.Theme metrics.rest.ThemeController.findOne(java.lang.Long)
10:48:27.634 [main] INFO  o.s.w.s.m.m.a.RequestMappingHandlerMapping - Mapped "{[/theme/queryThemesCount],methods=[],params=[],headers=[],consumes=[],produces=[],custom=[]}" onto public java.lang.Long metrics.rest.ThemeController.queryThemesCount(java.lang.String)
10:48:27.634 [main] INFO  o.s.w.s.m.m.a.RequestMappingHandlerMapping - Mapped "{[/theme/queryThemes],methods=[],params=[],headers=[],consumes=[],produces=[],custom=[]}" onto public java.util.List<metrics.model.Theme> metrics.rest.ThemeController.queryThemes(java.lang.String,java.lang.Integer,java.lang.Integer,java.lang.String,java.lang.String)
10:48:27.635 [main] INFO  o.s.w.s.m.m.a.RequestMappingHandlerMapping - Mapped "{[/theme/queryValidThemes],methods=[],params=[],headers=[],consumes=[],produces=[],custom=[]}" onto public java.util.List<metrics.model.Theme> metrics.rest.ThemeController.queryValidThemes()
10:48:28.211 [main] INFO  o.s.w.s.m.m.a.RequestMappingHandlerAdapter - Looking for @ControllerAdvice: WebApplicationContext for namespace 'appServlet-servlet': startup date [Wed Aug 05 10:48:26 CST 2015]; parent: Root WebApplicationContext
10:48:28.359 [main] INFO  o.s.w.s.m.m.a.RequestMappingHandlerAdapter - Looking for @ControllerAdvice: WebApplicationContext for namespace 'appServlet-servlet': startup date [Wed Aug 05 10:48:26 CST 2015]; parent: Root WebApplicationContext
10:48:28.588 [main] INFO  metrics.controller.TestController - =============================
10:48:28.750 [main] INFO  o.s.web.servlet.handler.SimpleUrlHandlerMapping - Mapped URL path [/resources/**] onto handler 'org.springframework.web.servlet.resource.ResourceHttpRequestHandler#0'
10:48:28.885 [main] INFO  org.springframework.web.servlet.DispatcherServlet - FrameworkServlet 'appServlet': initialization completed in 2075 ms
10:49:30.737 [qtp764262251-19] INFO  metrics.rest.ThemeController - 远程主机：0:0:0:0:0:0:0:1:57505； 远程地址：0:0:0:0:0:0:0:1；参数：wordundefined;。业务：统计查询主题词分页信息
10:49:30.803 [qtp764262251-14] WARN  org.springframework.web.servlet.PageNotFound - No mapping found for HTTP request with URI [/assets/flash/ZeroClipboard.swf] in DispatcherServlet with name 'appServlet'
10:49:30.960 [qtp764262251-16] INFO  metrics.rest.ThemeController - 远程主机：0:0:0:0:0:0:0:1:57505； 远程地址：0:0:0:0:0:0:0:1；参数：wordundefined;propertyid;page0;directionASC;size20;。业务：查询主题词信息
10:51:23.735 [qtp764262251-15] INFO  metrics.rest.ThemeController - 远程主机：0:0:0:0:0:0:0:1:57505； 远程地址：0:0:0:0:0:0:0:1；参数：wordundefined;。业务：统计查询主题词分页信息
10:51:23.771 [qtp764262251-18] WARN  org.springframework.web.servlet.PageNotFound - No mapping found for HTTP request with URI [/assets/flash/ZeroClipboard.swf] in DispatcherServlet with name 'appServlet'
10:51:23.786 [qtp764262251-20] INFO  metrics.rest.ThemeController - 远程主机：0:0:0:0:0:0:0:1:57505； 远程地址：0:0:0:0:0:0:0:1；参数：wordundefined;propertyid;page0;directionASC;size20;。业务：查询主题词信息
10:52:38.547 [qtp764262251-19] INFO  metrics.rest.ThemeController - 远程主机：0:0:0:0:0:0:0:1:57505； 远程地址：0:0:0:0:0:0:0:1；参数：wordundefined;。业务：统计查询主题词分页信息
10:52:38.595 [qtp764262251-16] WARN  org.springframework.web.servlet.PageNotFound - No mapping found for HTTP request with URI [/assets/flash/ZeroClipboard.swf] in DispatcherServlet with name 'appServlet'
10:52:38.602 [qtp764262251-15] INFO  metrics.rest.ThemeController - 远程主机：0:0:0:0:0:0:0:1:57505； 远程地址：0:0:0:0:0:0:0:1；参数：wordundefined;propertyid;page0;directionASC;size20;。业务：查询主题词信息
10:55:28.172 [main] INFO  org.springframework.web.servlet.DispatcherServlet - FrameworkServlet 'appServlet': initialization started
10:55:28.175 [main] INFO  o.s.web.context.support.XmlWebApplicationContext - Refreshing WebApplicationContext for namespace 'appServlet-servlet': startup date [Wed Aug 05 10:55:28 CST 2015]; parent: Root WebApplicationContext
10:55:28.177 [main] INFO  o.s.beans.factory.xml.XmlBeanDefinitionReader - Loading XML bean definitions from class path resource [config/servlet-context.xml]
10:55:28.975 [main] INFO  o.s.w.s.m.m.a.RequestMappingHandlerMapping - Mapped "{[/check],methods=[],params=[],headers=[],consumes=[],produces=[],custom=[]}" onto public java.lang.String metrics.controller.MainController.check(java.lang.String,java.lang.String,javax.servlet.http.HttpServletRequest)
10:55:28.976 [main] INFO  o.s.w.s.m.m.a.RequestMappingHandlerMapping - Mapped "{[/index],methods=[],params=[],headers=[],consumes=[],produces=[],custom=[]}" onto public java.lang.String metrics.controller.MainController.index()
10:55:28.976 [main] INFO  o.s.w.s.m.m.a.RequestMappingHandlerMapping - Mapped "{[/login],methods=[],params=[],headers=[],consumes=[],produces=[],custom=[]}" onto public java.lang.String metrics.controller.MainController.login()
10:55:28.977 [main] INFO  o.s.w.s.m.m.a.RequestMappingHandlerMapping - Mapped "{[/document],methods=[],params=[],headers=[],consumes=[],produces=[],custom=[]}" onto public java.lang.String metrics.controller.MainController.document()
10:55:28.977 [main] INFO  o.s.w.s.m.m.a.RequestMappingHandlerMapping - Mapped "{[/association],methods=[],params=[],headers=[],consumes=[],produces=[],custom=[]}" onto public java.lang.String metrics.controller.MainController.association()
10:55:28.978 [main] INFO  o.s.w.s.m.m.a.RequestMappingHandlerMapping - Mapped "{[/test],methods=[],params=[],headers=[],consumes=[],produces=[],custom=[]}" onto public java.lang.String metrics.controller.TestController.test()
10:55:28.982 [main] INFO  o.s.w.s.m.m.a.RequestMappingHandlerMapping - Mapped "{[/association/queryAssociations],methods=[],params=[],headers=[],consumes=[],produces=[],custom=[]}" onto public java.util.List<metrics.rest.dto.AssociationResponse> metrics.rest.AssociationController.queryAssociations(metrics.rest.dto.AssociationCriteria)
10:55:28.983 [main] INFO  o.s.w.s.m.m.a.RequestMappingHandlerMapping - Mapped "{[/association/queryAssociationsCount],methods=[],params=[],headers=[],consumes=[],produces=[],custom=[]}" onto public java.lang.Long metrics.rest.AssociationController.queryAssociationsCount(metrics.rest.dto.AssociationCriteria)
10:55:28.984 [main] INFO  o.s.w.s.m.m.a.RequestMappingHandlerMapping - Mapped "{[/association/createAssociation],methods=[],params=[],headers=[],consumes=[],produces=[],custom=[]}" onto public void metrics.rest.AssociationController.createAssociation(metrics.rest.dto.AssociationRequest)
10:55:28.984 [main] INFO  o.s.w.s.m.m.a.RequestMappingHandlerMapping - Mapped "{[/association/updateAssociation],methods=[],params=[],headers=[],consumes=[],produces=[],custom=[]}" onto public void metrics.rest.AssociationController.updateAssociation(metrics.rest.dto.AssociationRequest)
10:55:28.990 [main] INFO  o.s.w.s.m.m.a.RequestMappingHandlerMapping - Mapped "{[/document/create],methods=[],params=[],headers=[],consumes=[],produces=[],custom=[]}" onto public java.lang.Long metrics.rest.DocumentController.create(metrics.model.Document)
10:55:28.990 [main] INFO  o.s.w.s.m.m.a.RequestMappingHandlerMapping - Mapped "{[/document/update],methods=[],params=[],headers=[],consumes=[],produces=[],custom=[]}" onto public void metrics.rest.DocumentController.update(metrics.model.Document)
10:55:28.991 [main] INFO  o.s.w.s.m.m.a.RequestMappingHandlerMapping - Mapped "{[/document/enabled],methods=[],params=[],headers=[],consumes=[],produces=[],custom=[]}" onto public void metrics.rest.DocumentController.enabled(java.lang.Long,java.lang.Integer)
10:55:28.991 [main] INFO  o.s.w.s.m.m.a.RequestMappingHandlerMapping - Mapped "{[/document/queryDocumentsCount],methods=[],params=[],headers=[],consumes=[],produces=[],custom=[]}" onto public java.lang.Long metrics.rest.DocumentController.queryDocumentsCount(metrics.rest.dto.DocumentQueryCriteria)
10:55:28.992 [main] INFO  o.s.w.s.m.m.a.RequestMappingHandlerMapping - Mapped "{[/document/queryDocuments],methods=[],params=[],headers=[],consumes=[],produces=[],custom=[]}" onto public java.util.List<metrics.model.Document> metrics.rest.DocumentController.queryDocuments(metrics.rest.dto.DocumentQueryCriteria)
10:55:28.993 [main] INFO  o.s.w.s.m.m.a.RequestMappingHandlerMapping - Mapped "{[/document/findOne],methods=[],params=[],headers=[],consumes=[],produces=[],custom=[]}" onto public metrics.model.Document metrics.rest.DocumentController.findOne(java.lang.Long)
10:55:28.996 [main] INFO  o.s.w.s.m.m.a.RequestMappingHandlerMapping - Mapped "{[/theme/create],methods=[],params=[],headers=[],consumes=[],produces=[],custom=[]}" onto public java.lang.Long metrics.rest.ThemeController.create(metrics.model.Theme)
10:55:28.997 [main] INFO  o.s.w.s.m.m.a.RequestMappingHandlerMapping - Mapped "{[/theme/update],methods=[],params=[],headers=[],consumes=[],produces=[],custom=[]}" onto public void metrics.rest.ThemeController.update(metrics.model.Theme)
10:55:28.998 [main] INFO  o.s.w.s.m.m.a.RequestMappingHandlerMapping - Mapped "{[/theme/enabled],methods=[],params=[],headers=[],consumes=[],produces=[],custom=[]}" onto public void metrics.rest.ThemeController.enabled(java.lang.Long,java.lang.Integer)
10:55:28.998 [main] INFO  o.s.w.s.m.m.a.RequestMappingHandlerMapping - Mapped "{[/theme/queryThemesCount],methods=[],params=[],headers=[],consumes=[],produces=[],custom=[]}" onto public java.lang.Long metrics.rest.ThemeController.queryThemesCount(java.lang.String)
10:55:28.999 [main] INFO  o.s.w.s.m.m.a.RequestMappingHandlerMapping - Mapped "{[/theme/queryValidThemes],methods=[],params=[],headers=[],consumes=[],produces=[],custom=[]}" onto public java.util.List<metrics.model.Theme> metrics.rest.ThemeController.queryValidThemes()
10:55:29.000 [main] INFO  o.s.w.s.m.m.a.RequestMappingHandlerMapping - Mapped "{[/theme/queryThemes],methods=[],params=[],headers=[],consumes=[],produces=[],custom=[]}" onto public java.util.List<metrics.model.Theme> metrics.rest.ThemeController.queryThemes(java.lang.String,java.lang.Integer,java.lang.Integer,java.lang.String,java.lang.String)
10:55:29.000 [main] INFO  o.s.w.s.m.m.a.RequestMappingHandlerMapping - Mapped "{[/theme/findOne],methods=[],params=[],headers=[],consumes=[],produces=[],custom=[]}" onto public metrics.model.Theme metrics.rest.ThemeController.findOne(java.lang.Long)
10:55:29.502 [main] INFO  o.s.w.s.m.m.a.RequestMappingHandlerAdapter - Looking for @ControllerAdvice: WebApplicationContext for namespace 'appServlet-servlet': startup date [Wed Aug 05 10:55:28 CST 2015]; parent: Root WebApplicationContext
10:55:29.668 [main] INFO  o.s.w.s.m.m.a.RequestMappingHandlerAdapter - Looking for @ControllerAdvice: WebApplicationContext for namespace 'appServlet-servlet': startup date [Wed Aug 05 10:55:28 CST 2015]; parent: Root WebApplicationContext
10:55:29.875 [main] INFO  metrics.controller.TestController - =============================
10:55:30.066 [main] INFO  o.s.web.servlet.handler.SimpleUrlHandlerMapping - Mapped URL path [/resources/**] onto handler 'org.springframework.web.servlet.resource.ResourceHttpRequestHandler#0'
10:55:30.189 [main] INFO  org.springframework.web.servlet.DispatcherServlet - FrameworkServlet 'appServlet': initialization completed in 2017 ms
10:56:34.596 [qtp1005748084-16] INFO  metrics.rest.ThemeController - 远程主机：0:0:0:0:0:0:0:1:57742； 远程地址：0:0:0:0:0:0:0:1；参数：word;。业务：统计查询主题词分页信息
10:56:34.642 [qtp1005748084-18] WARN  org.springframework.web.servlet.PageNotFound - No mapping found for HTTP request with URI [/assets/flash/ZeroClipboard.swf] in DispatcherServlet with name 'appServlet'
10:56:34.721 [qtp1005748084-19] INFO  metrics.rest.ThemeController - 远程主机：0:0:0:0:0:0:0:1:57742； 远程地址：0:0:0:0:0:0:0:1；参数：word;propertyid;page0;directionASC;size20;。业务：查询主题词信息
10:56:51.212 [qtp1005748084-19] INFO  metrics.rest.AssociationController - 远程主机：0:0:0:0:0:0:0:1:57744； 远程地址：0:0:0:0:0:0:0:1；参数：。业务：查询主题关联度信息
10:56:51.247 [qtp1005748084-15] WARN  org.springframework.web.servlet.PageNotFound - No mapping found for HTTP request with URI [/assets/flash/ZeroClipboard.swf] in DispatcherServlet with name 'appServlet'
10:56:51.287 [qtp1005748084-18] INFO  metrics.rest.AssociationController - 远程主机：0:0:0:0:0:0:0:1:57744； 远程地址：0:0:0:0:0:0:0:1；参数：flag;themeId;page0;directionASC;propertytid;size20;。业务：查询主题关联度信息
10:56:52.693 [qtp1005748084-15] WARN  org.springframework.web.servlet.PageNotFound - No mapping found for HTTP request with URI [/dashboard/ie-emulation-modes-warning.js] in DispatcherServlet with name 'appServlet'
10:56:52.784 [qtp1005748084-19] INFO  metrics.rest.DocumentController - 远程主机：0:0:0:0:0:0:0:1:57744； 远程地址：0:0:0:0:0:0:0:1；参数：gender2;brandEN;brandCN;merchandiseName;merchandiseId;。业务：统计文档信息
10:56:52.815 [qtp1005748084-18] WARN  org.springframework.web.servlet.PageNotFound - No mapping found for HTTP request with URI [/assets/flash/ZeroClipboard.swf] in DispatcherServlet with name 'appServlet'
10:56:52.841 [qtp1005748084-17] INFO  metrics.rest.DocumentController - 远程主机：0:0:0:0:0:0:0:1:57744； 远程地址：0:0:0:0:0:0:0:1；参数：merchandiseName;page0;directionASC;merchandiseId;gender2;brandEN;propertyid;brandCN;size20;。业务：查询文档信息
10:56:53.503 [qtp1005748084-13] INFO  metrics.rest.AssociationController - 远程主机：0:0:0:0:0:0:0:1:57744； 远程地址：0:0:0:0:0:0:0:1；参数：。业务：查询主题关联度信息
10:56:53.550 [qtp1005748084-18] WARN  org.springframework.web.servlet.PageNotFound - No mapping found for HTTP request with URI [/assets/flash/ZeroClipboard.swf] in DispatcherServlet with name 'appServlet'
10:56:53.596 [qtp1005748084-17] INFO  metrics.rest.AssociationController - 远程主机：0:0:0:0:0:0:0:1:57744； 远程地址：0:0:0:0:0:0:0:1；参数：flag;themeId;page0;directionASC;propertytid;size20;。业务：查询主题关联度信息
10:56:56.366 [qtp1005748084-17] WARN  org.springframework.web.servlet.PageNotFound - No mapping found for HTTP request with URI [/dashboard/ie-emulation-modes-warning.js] in DispatcherServlet with name 'appServlet'
10:56:56.437 [qtp1005748084-16] INFO  metrics.rest.DocumentController - 远程主机：0:0:0:0:0:0:0:1:57744； 远程地址：0:0:0:0:0:0:0:1；参数：gender2;brandEN;brandCN;merchandiseName;merchandiseId;。业务：统计文档信息
10:56:56.487 [qtp1005748084-15] WARN  org.springframework.web.servlet.PageNotFound - No mapping found for HTTP request with URI [/assets/flash/ZeroClipboard.swf] in DispatcherServlet with name 'appServlet'
10:56:56.507 [qtp1005748084-19] INFO  metrics.rest.DocumentController - 远程主机：0:0:0:0:0:0:0:1:57744； 远程地址：0:0:0:0:0:0:0:1；参数：merchandiseName;page0;directionASC;merchandiseId;gender2;brandEN;propertyid;brandCN;size20;。业务：查询文档信息
10:56:57.260 [qtp1005748084-13] INFO  annotation.log.SystemLogAspect - Controller===metrics.controller.MainController=====index=====创建元词:=====
10:56:57.337 [qtp1005748084-17] INFO  metrics.rest.ThemeController - 远程主机：0:0:0:0:0:0:0:1:57744； 远程地址：0:0:0:0:0:0:0:1；参数：word;。业务：统计查询主题词分页信息
10:56:57.393 [qtp1005748084-15] WARN  org.springframework.web.servlet.PageNotFound - No mapping found for HTTP request with URI [/assets/flash/ZeroClipboard.swf] in DispatcherServlet with name 'appServlet'
10:56:57.406 [qtp1005748084-19] INFO  metrics.rest.ThemeController - 远程主机：0:0:0:0:0:0:0:1:57744； 远程地址：0:0:0:0:0:0:0:1；参数：word;propertyid;page0;directionASC;size20;。业务：查询主题词信息
10:56:58.387 [qtp1005748084-13] INFO  annotation.log.SystemLogAspect - Controller===metrics.controller.MainController=====index=====创建元词:=====
10:56:58.520 [qtp1005748084-17] INFO  metrics.rest.ThemeController - 远程主机：0:0:0:0:0:0:0:1:57744； 远程地址：0:0:0:0:0:0:0:1；参数：word;。业务：统计查询主题词分页信息
10:56:58.583 [qtp1005748084-15] WARN  org.springframework.web.servlet.PageNotFound - No mapping found for HTTP request with URI [/assets/flash/ZeroClipboard.swf] in DispatcherServlet with name 'appServlet'
10:56:58.602 [qtp1005748084-19] INFO  metrics.rest.ThemeController - 远程主机：0:0:0:0:0:0:0:1:57744； 远程地址：0:0:0:0:0:0:0:1；参数：word;propertyid;page0;directionASC;size20;。业务：查询主题词信息
10:56:59.128 [qtp1005748084-16] INFO  annotation.log.SystemLogAspect - Controller===metrics.controller.MainController=====index=====创建元词:=====
10:56:59.207 [qtp1005748084-13] INFO  metrics.rest.ThemeController - 远程主机：0:0:0:0:0:0:0:1:57744； 远程地址：0:0:0:0:0:0:0:1；参数：word;。业务：统计查询主题词分页信息
10:56:59.242 [qtp1005748084-17] WARN  org.springframework.web.servlet.PageNotFound - No mapping found for HTTP request with URI [/assets/flash/ZeroClipboard.swf] in DispatcherServlet with name 'appServlet'
10:56:59.264 [qtp1005748084-15] INFO  metrics.rest.ThemeController - 远程主机：0:0:0:0:0:0:0:1:57744； 远程地址：0:0:0:0:0:0:0:1；参数：word;propertyid;page0;directionASC;size20;。业务：查询主题词信息
10:57:16.772 [qtp1005748084-17] INFO  annotation.log.SystemLogAspect - Controller===metrics.controller.MainController=====index=====创建元词:=====
10:57:16.962 [qtp1005748084-13] INFO  metrics.rest.ThemeController - 远程主机：0:0:0:0:0:0:0:1:57743； 远程地址：0:0:0:0:0:0:0:1；参数：word;。业务：统计查询主题词分页信息
10:57:17.015 [qtp1005748084-18] WARN  org.springframework.web.servlet.PageNotFound - No mapping found for HTTP request with URI [/assets/flash/ZeroClipboard.swf] in DispatcherServlet with name 'appServlet'
10:57:17.042 [qtp1005748084-15] INFO  metrics.rest.ThemeController - 远程主机：0:0:0:0:0:0:0:1:57743； 远程地址：0:0:0:0:0:0:0:1；参数：word;propertyid;page0;directionASC;size20;。业务：查询主题词信息
10:57:17.522 [qtp1005748084-17] INFO  annotation.log.SystemLogAspect - Controller===metrics.controller.MainController=====index=====创建元词:=====
10:57:17.657 [qtp1005748084-18] INFO  metrics.rest.ThemeController - 远程主机：0:0:0:0:0:0:0:1:57744； 远程地址：0:0:0:0:0:0:0:1；参数：word;。业务：统计查询主题词分页信息
10:57:17.674 [qtp1005748084-16] WARN  org.springframework.web.servlet.PageNotFound - No mapping found for HTTP request with URI [/assets/flash/ZeroClipboard.swf] in DispatcherServlet with name 'appServlet'
10:57:17.733 [qtp1005748084-15] INFO  metrics.rest.ThemeController - 远程主机：0:0:0:0:0:0:0:1:57744； 远程地址：0:0:0:0:0:0:0:1；参数：word;propertyid;page0;directionASC;size20;。业务：查询主题词信息
10:57:17.783 [qtp1005748084-19] INFO  annotation.log.SystemLogAspect - Controller===metrics.controller.MainController=====index=====创建元词:=====
10:57:17.906 [qtp1005748084-15] INFO  metrics.rest.ThemeController - 远程主机：0:0:0:0:0:0:0:1:57745； 远程地址：0:0:0:0:0:0:0:1；参数：word;。业务：统计查询主题词分页信息
10:57:17.929 [qtp1005748084-19] WARN  org.springframework.web.servlet.PageNotFound - No mapping found for HTTP request with URI [/assets/flash/ZeroClipboard.swf] in DispatcherServlet with name 'appServlet'
10:57:17.973 [qtp1005748084-16] INFO  metrics.rest.ThemeController - 远程主机：0:0:0:0:0:0:0:1:57745； 远程地址：0:0:0:0:0:0:0:1；参数：word;propertyid;page0;directionASC;size20;。业务：查询主题词信息
10:57:18.598 [qtp1005748084-17] WARN  org.springframework.web.servlet.PageNotFound - No mapping found for HTTP request with URI [/dashboard/ie-emulation-modes-warning.js] in DispatcherServlet with name 'appServlet'
10:57:18.659 [qtp1005748084-15] INFO  metrics.rest.DocumentController - 远程主机：0:0:0:0:0:0:0:1:57745； 远程地址：0:0:0:0:0:0:0:1；参数：gender2;brandEN;brandCN;merchandiseName;merchandiseId;。业务：统计文档信息
10:57:18.690 [qtp1005748084-19] WARN  org.springframework.web.servlet.PageNotFound - No mapping found for HTTP request with URI [/assets/flash/ZeroClipboard.swf] in DispatcherServlet with name 'appServlet'
10:57:18.722 [qtp1005748084-16] INFO  metrics.rest.DocumentController - 远程主机：0:0:0:0:0:0:0:1:57745； 远程地址：0:0:0:0:0:0:0:1；参数：merchandiseName;page0;directionASC;merchandiseId;gender2;brandEN;propertyid;brandCN;size20;。业务：查询文档信息
10:57:19.421 [qtp1005748084-15] INFO  metrics.rest.AssociationController - 远程主机：0:0:0:0:0:0:0:1:57746； 远程地址：0:0:0:0:0:0:0:1；参数：。业务：查询主题关联度信息
10:57:19.445 [qtp1005748084-19] WARN  org.springframework.web.servlet.PageNotFound - No mapping found for HTTP request with URI [/assets/flash/ZeroClipboard.swf] in DispatcherServlet with name 'appServlet'
10:57:19.583 [qtp1005748084-18] INFO  metrics.rest.AssociationController - 远程主机：0:0:0:0:0:0:0:1:57746； 远程地址：0:0:0:0:0:0:0:1；参数：flag;themeId;page0;directionASC;propertytid;size20;。业务：查询主题关联度信息
10:57:20.668 [qtp1005748084-16] INFO  metrics.rest.AssociationController - 远程主机：0:0:0:0:0:0:0:1:57745； 远程地址：0:0:0:0:0:0:0:1；参数：。业务：查询主题关联度信息
10:57:20.703 [qtp1005748084-18] WARN  org.springframework.web.servlet.PageNotFound - No mapping found for HTTP request with URI [/assets/flash/ZeroClipboard.swf] in DispatcherServlet with name 'appServlet'
10:57:20.735 [qtp1005748084-13] INFO  metrics.rest.AssociationController - 远程主机：0:0:0:0:0:0:0:1:57745； 远程地址：0:0:0:0:0:0:0:1；参数：flag;themeId;page0;directionASC;propertytid;size20;。业务：查询主题关联度信息
10:57:21.407 [qtp1005748084-16] INFO  metrics.rest.AssociationController - 远程主机：0:0:0:0:0:0:0:1:57746； 远程地址：0:0:0:0:0:0:0:1；参数：。业务：查询主题关联度信息
10:57:21.457 [qtp1005748084-18] WARN  org.springframework.web.servlet.PageNotFound - No mapping found for HTTP request with URI [/assets/flash/ZeroClipboard.swf] in DispatcherServlet with name 'appServlet'
10:57:21.491 [qtp1005748084-13] INFO  metrics.rest.AssociationController - 远程主机：0:0:0:0:0:0:0:1:57745； 远程地址：0:0:0:0:0:0:0:1；参数：flag;themeId;page0;directionASC;propertytid;size20;。业务：查询主题关联度信息
10:57:22.243 [qtp1005748084-16] INFO  metrics.rest.AssociationController - 远程主机：0:0:0:0:0:0:0:1:57746； 远程地址：0:0:0:0:0:0:0:1；参数：。业务：查询主题关联度信息
10:57:22.278 [qtp1005748084-18] WARN  org.springframework.web.servlet.PageNotFound - No mapping found for HTTP request with URI [/assets/flash/ZeroClipboard.swf] in DispatcherServlet with name 'appServlet'
10:57:22.312 [qtp1005748084-13] INFO  metrics.rest.AssociationController - 远程主机：0:0:0:0:0:0:0:1:57746； 远程地址：0:0:0:0:0:0:0:1；参数：flag;themeId;page0;directionASC;propertytid;size20;。业务：查询主题关联度信息
10:57:23.302 [qtp1005748084-18] WARN  org.springframework.web.servlet.PageNotFound - No mapping found for HTTP request with URI [/dashboard/ie-emulation-modes-warning.js] in DispatcherServlet with name 'appServlet'
10:57:23.365 [qtp1005748084-19] INFO  metrics.rest.DocumentController - 远程主机：0:0:0:0:0:0:0:1:57746； 远程地址：0:0:0:0:0:0:0:1；参数：gender2;brandEN;brandCN;merchandiseName;merchandiseId;。业务：统计文档信息
10:57:23.385 [qtp1005748084-13] WARN  org.springframework.web.servlet.PageNotFound - No mapping found for HTTP request with URI [/assets/flash/ZeroClipboard.swf] in DispatcherServlet with name 'appServlet'
10:57:23.432 [qtp1005748084-17] INFO  metrics.rest.DocumentController - 远程主机：0:0:0:0:0:0:0:1:57746； 远程地址：0:0:0:0:0:0:0:1；参数：merchandiseName;page0;directionASC;merchandiseId;gender2;brandEN;propertyid;brandCN;size20;。业务：查询文档信息
10:57:23.721 [qtp1005748084-16] INFO  annotation.log.SystemLogAspect - Controller===metrics.controller.MainController=====index=====创建元词:=====
10:57:23.808 [qtp1005748084-18] INFO  metrics.rest.ThemeController - 远程主机：0:0:0:0:0:0:0:1:57746； 远程地址：0:0:0:0:0:0:0:1；参数：word;。业务：统计查询主题词分页信息
10:57:23.871 [qtp1005748084-19] WARN  org.springframework.web.servlet.PageNotFound - No mapping found for HTTP request with URI [/assets/flash/ZeroClipboard.swf] in DispatcherServlet with name 'appServlet'
10:57:23.885 [qtp1005748084-13] INFO  metrics.rest.ThemeController - 远程主机：0:0:0:0:0:0:0:1:57746； 远程地址：0:0:0:0:0:0:0:1；参数：word;propertyid;page0;directionASC;size20;。业务：查询主题词信息
11:14:01.433 [qtp1005748084-15] INFO  annotation.log.SystemLogAspect - Controller===metrics.controller.MainController=====index=====创建元词:=====
11:14:01.843 [qtp1005748084-13] INFO  metrics.rest.ThemeController - 远程主机：0:0:0:0:0:0:0:1:58353； 远程地址：0:0:0:0:0:0:0:1；参数：word;。业务：统计查询主题词分页信息
11:14:01.908 [qtp1005748084-17] WARN  org.springframework.web.servlet.PageNotFound - No mapping found for HTTP request with URI [/assets/flash/ZeroClipboard.swf] in DispatcherServlet with name 'appServlet'
11:14:01.910 [qtp1005748084-18] INFO  metrics.rest.ThemeController - 远程主机：0:0:0:0:0:0:0:1:58350； 远程地址：0:0:0:0:0:0:0:1；参数：word;propertyid;page0;directionASC;size20;。业务：查询主题词信息
11:14:02.657 [qtp1005748084-19] INFO  annotation.log.SystemLogAspect - Controller===metrics.controller.MainController=====index=====创建元词:=====
11:14:02.803 [qtp1005748084-15] INFO  metrics.rest.ThemeController - 远程主机：0:0:0:0:0:0:0:1:58352； 远程地址：0:0:0:0:0:0:0:1；参数：word;。业务：统计查询主题词分页信息
11:14:02.832 [qtp1005748084-19] WARN  org.springframework.web.servlet.PageNotFound - No mapping found for HTTP request with URI [/assets/flash/ZeroClipboard.swf] in DispatcherServlet with name 'appServlet'
11:14:02.870 [qtp1005748084-16] INFO  metrics.rest.ThemeController - 远程主机：0:0:0:0:0:0:0:1:58352； 远程地址：0:0:0:0:0:0:0:1；参数：word;propertyid;page0;directionASC;size20;。业务：查询主题词信息
11:17:10.310 [qtp1005748084-18] INFO  annotation.log.SystemLogAspect - Controller===metrics.controller.MainController=====index=====创建元词:=====
11:17:10.722 [qtp1005748084-13] INFO  metrics.rest.ThemeController - 远程主机：0:0:0:0:0:0:0:1:58353； 远程地址：0:0:0:0:0:0:0:1；参数：word;。业务：统计查询主题词分页信息
11:17:10.764 [qtp1005748084-16] WARN  org.springframework.web.servlet.PageNotFound - No mapping found for HTTP request with URI [/assets/flash/ZeroClipboard.swf] in DispatcherServlet with name 'appServlet'
11:17:10.791 [qtp1005748084-18] INFO  metrics.rest.ThemeController - 远程主机：0:0:0:0:0:0:0:1:58353； 远程地址：0:0:0:0:0:0:0:1；参数：word;propertyid;page0;directionASC;size20;。业务：查询主题词信息
11:20:57.528 [qtp1005748084-17] INFO  metrics.rest.ThemeController - 远程主机：0:0:0:0:0:0:0:1:58542； 远程地址：0:0:0:0:0:0:0:1；参数：word;。业务：统计查询主题词分页信息
11:20:57.544 [qtp1005748084-18] INFO  metrics.rest.ThemeController - 远程主机：0:0:0:0:0:0:0:1:58542； 远程地址：0:0:0:0:0:0:0:1；参数：word;propertyid;page0;directionASC;size20;。业务：查询主题词信息
11:23:24.615 [qtp1005748084-16] INFO  metrics.rest.ThemeController - 远程主机：0:0:0:0:0:0:0:1:58542； 远程地址：0:0:0:0:0:0:0:1；参数：id1;。业务：获取单个主题词信息
11:23:29.454 [qtp1005748084-19] INFO  metrics.rest.ThemeController - 远程主机：0:0:0:0:0:0:0:1:58542； 远程地址：0:0:0:0:0:0:0:1；参数：id4;。业务：获取单个主题词信息
11:23:45.044 [qtp1005748084-13] INFO  metrics.rest.ThemeController - 远程主机：0:0:0:0:0:0:0:1:58542； 远程地址：0:0:0:0:0:0:0:1；参数：word;。业务：统计查询主题词分页信息
11:23:45.060 [qtp1005748084-15] INFO  metrics.rest.ThemeController - 远程主机：0:0:0:0:0:0:0:1:58542； 远程地址：0:0:0:0:0:0:0:1；参数：word;propertyid;page0;directionASC;size20;。业务：查询主题词信息
11:23:47.005 [qtp1005748084-18] INFO  metrics.rest.ThemeController - 远程主机：0:0:0:0:0:0:0:1:58542； 远程地址：0:0:0:0:0:0:0:1；参数：id1;。业务：获取单个主题词信息
11:24:04.855 [qtp1005748084-13] WARN  org.springframework.web.servlet.PageNotFound - No mapping found for HTTP request with URI [/dashboard/ie-emulation-modes-warning.js] in DispatcherServlet with name 'appServlet'
11:24:04.963 [qtp1005748084-15] INFO  metrics.rest.DocumentController - 远程主机：0:0:0:0:0:0:0:1:58542； 远程地址：0:0:0:0:0:0:0:1；参数：gender2;brandEN;brandCN;merchandiseName;merchandiseId;。业务：统计文档信息
11:24:05.005 [qtp1005748084-16] WARN  org.springframework.web.servlet.PageNotFound - No mapping found for HTTP request with URI [/assets/flash/ZeroClipboard.swf] in DispatcherServlet with name 'appServlet'
11:24:05.033 [qtp1005748084-19] INFO  metrics.rest.DocumentController - 远程主机：0:0:0:0:0:0:0:1:58542； 远程地址：0:0:0:0:0:0:0:1；参数：merchandiseName;page0;directionASC;merchandiseId;gender2;brandEN;propertyid;brandCN;size20;。业务：查询文档信息
11:24:06.593 [qtp1005748084-13] INFO  metrics.rest.DocumentController - 远程主机：0:0:0:0:0:0:0:1:58542； 远程地址：0:0:0:0:0:0:0:1；参数：id2;。业务：获取单个文档信息
11:31:17.683 [qtp1005748084-19] WARN  org.springframework.web.servlet.PageNotFound - No mapping found for HTTP request with URI [/dashboard/ie-emulation-modes-warning.js] in DispatcherServlet with name 'appServlet'
11:31:17.786 [qtp1005748084-16] INFO  metrics.rest.DocumentController - 远程主机：0:0:0:0:0:0:0:1:58742； 远程地址：0:0:0:0:0:0:0:1；参数：gender2;brandEN;brandCN;merchandiseName;merchandiseId;。业务：统计文档信息
11:31:17.833 [qtp1005748084-18] WARN  org.springframework.web.servlet.PageNotFound - No mapping found for HTTP request with URI [/assets/flash/ZeroClipboard.swf] in DispatcherServlet with name 'appServlet'
11:31:17.842 [qtp1005748084-13] INFO  metrics.rest.DocumentController - 远程主机：0:0:0:0:0:0:0:1:58742； 远程地址：0:0:0:0:0:0:0:1；参数：merchandiseName;page0;directionASC;merchandiseId;gender2;brandEN;propertyid;brandCN;size20;。业务：查询文档信息
11:31:19.463 [qtp1005748084-16] INFO  metrics.rest.DocumentController - 远程主机：0:0:0:0:0:0:0:1:58742； 远程地址：0:0:0:0:0:0:0:1；参数：id2;。业务：获取单个文档信息
11:31:26.876 [qtp1005748084-16] WARN  org.springframework.web.servlet.PageNotFound - No mapping found for HTTP request with URI [/dashboard/ie-emulation-modes-warning.js] in DispatcherServlet with name 'appServlet'
11:31:26.945 [qtp1005748084-17] INFO  metrics.rest.DocumentController - 远程主机：0:0:0:0:0:0:0:1:58742； 远程地址：0:0:0:0:0:0:0:1；参数：gender2;brandEN;brandCN;merchandiseName;merchandiseId;。业务：统计文档信息
11:31:26.977 [qtp1005748084-13] WARN  org.springframework.web.servlet.PageNotFound - No mapping found for HTTP request with URI [/assets/flash/ZeroClipboard.swf] in DispatcherServlet with name 'appServlet'
11:31:27.007 [qtp1005748084-15] INFO  metrics.rest.DocumentController - 远程主机：0:0:0:0:0:0:0:1:58742； 远程地址：0:0:0:0:0:0:0:1；参数：merchandiseName;page0;directionASC;merchandiseId;gender2;brandEN;propertyid;brandCN;size20;。业务：查询文档信息
11:31:27.951 [qtp1005748084-17] INFO  metrics.rest.AssociationController - 远程主机：0:0:0:0:0:0:0:1:58749； 远程地址：0:0:0:0:0:0:0:1；参数：。业务：查询主题关联度信息
11:31:27.981 [qtp1005748084-15] WARN  org.springframework.web.servlet.PageNotFound - No mapping found for HTTP request with URI [/assets/flash/ZeroClipboard.swf] in DispatcherServlet with name 'appServlet'
11:31:28.034 [qtp1005748084-18] INFO  metrics.rest.AssociationController - 远程主机：0:0:0:0:0:0:0:1:58749； 远程地址：0:0:0:0:0:0:0:1；参数：flag;themeId;page0;directionASC;propertytid;size20;。业务：查询主题关联度信息
11:31:28.646 [qtp1005748084-13] WARN  org.springframework.web.servlet.PageNotFound - No mapping found for HTTP request with URI [/dashboard/ie-emulation-modes-warning.js] in DispatcherServlet with name 'appServlet'
11:31:28.702 [qtp1005748084-17] INFO  metrics.rest.DocumentController - 远程主机：0:0:0:0:0:0:0:1:58749； 远程地址：0:0:0:0:0:0:0:1；参数：gender2;brandEN;brandCN;merchandiseName;merchandiseId;。业务：统计文档信息
11:31:28.742 [qtp1005748084-15] WARN  org.springframework.web.servlet.PageNotFound - No mapping found for HTTP request with URI [/assets/flash/ZeroClipboard.swf] in DispatcherServlet with name 'appServlet'
11:31:28.773 [qtp1005748084-18] INFO  metrics.rest.DocumentController - 远程主机：0:0:0:0:0:0:0:1:58749； 远程地址：0:0:0:0:0:0:0:1；参数：merchandiseName;page0;directionASC;merchandiseId;gender2;brandEN;propertyid;brandCN;size20;。业务：查询文档信息
11:31:30.651 [qtp1005748084-13] INFO  annotation.log.SystemLogAspect - Controller===metrics.controller.MainController=====index=====创建元词:=====
11:31:30.759 [qtp1005748084-15] INFO  metrics.rest.ThemeController - 远程主机：0:0:0:0:0:0:0:1:58749； 远程地址：0:0:0:0:0:0:0:1；参数：word;。业务：统计查询主题词分页信息
11:31:30.796 [qtp1005748084-18] WARN  org.springframework.web.servlet.PageNotFound - No mapping found for HTTP request with URI [/assets/flash/ZeroClipboard.swf] in DispatcherServlet with name 'appServlet'
11:31:30.816 [qtp1005748084-16] INFO  metrics.rest.ThemeController - 远程主机：0:0:0:0:0:0:0:1:58749； 远程地址：0:0:0:0:0:0:0:1；参数：word;propertyid;page0;directionASC;size20;。业务：查询主题词信息
11:31:32.460 [qtp1005748084-15] WARN  org.springframework.web.servlet.PageNotFound - No mapping found for HTTP request with URI [/dashboard/ie-emulation-modes-warning.js] in DispatcherServlet with name 'appServlet'
11:31:32.539 [qtp1005748084-16] INFO  metrics.rest.DocumentController - 远程主机：0:0:0:0:0:0:0:1:58749； 远程地址：0:0:0:0:0:0:0:1；参数：gender2;brandEN;brandCN;merchandiseName;merchandiseId;。业务：统计文档信息
11:31:32.575 [qtp1005748084-19] WARN  org.springframework.web.servlet.PageNotFound - No mapping found for HTTP request with URI [/assets/flash/ZeroClipboard.swf] in DispatcherServlet with name 'appServlet'
11:31:32.599 [qtp1005748084-17] INFO  metrics.rest.DocumentController - 远程主机：0:0:0:0:0:0:0:1:58749； 远程地址：0:0:0:0:0:0:0:1；参数：merchandiseName;page0;directionASC;merchandiseId;gender2;brandEN;propertyid;brandCN;size20;。业务：查询文档信息
11:31:33.757 [qtp1005748084-16] INFO  metrics.rest.AssociationController - 远程主机：0:0:0:0:0:0:0:1:58742； 远程地址：0:0:0:0:0:0:0:1；参数：。业务：查询主题关联度信息
11:31:33.798 [qtp1005748084-17] WARN  org.springframework.web.servlet.PageNotFound - No mapping found for HTTP request with URI [/assets/flash/ZeroClipboard.swf] in DispatcherServlet with name 'appServlet'
11:31:33.842 [qtp1005748084-13] INFO  metrics.rest.AssociationController - 远程主机：0:0:0:0:0:0:0:1:58742； 远程地址：0:0:0:0:0:0:0:1；参数：flag;themeId;page0;directionASC;propertytid;size20;。业务：查询主题关联度信息
11:31:35.273 [qtp1005748084-19] WARN  org.springframework.web.servlet.PageNotFound - No mapping found for HTTP request with URI [/dashboard/ie-emulation-modes-warning.js] in DispatcherServlet with name 'appServlet'
11:31:35.345 [qtp1005748084-17] INFO  metrics.rest.DocumentController - 远程主机：0:0:0:0:0:0:0:1:58742； 远程地址：0:0:0:0:0:0:0:1；参数：gender2;brandEN;brandCN;merchandiseName;merchandiseId;。业务：统计文档信息
11:31:35.370 [qtp1005748084-13] WARN  org.springframework.web.servlet.PageNotFound - No mapping found for HTTP request with URI [/assets/flash/ZeroClipboard.swf] in DispatcherServlet with name 'appServlet'
11:31:35.412 [qtp1005748084-15] INFO  metrics.rest.DocumentController - 远程主机：0:0:0:0:0:0:0:1:58742； 远程地址：0:0:0:0:0:0:0:1；参数：merchandiseName;page0;directionASC;merchandiseId;gender2;brandEN;propertyid;brandCN;size20;。业务：查询文档信息
11:31:37.211 [qtp1005748084-13] INFO  metrics.rest.AssociationController - 远程主机：0:0:0:0:0:0:0:1:58749； 远程地址：0:0:0:0:0:0:0:1；参数：。业务：查询主题关联度信息
11:31:37.240 [qtp1005748084-18] WARN  org.springframework.web.servlet.PageNotFound - No mapping found for HTTP request with URI [/assets/flash/ZeroClipboard.swf] in DispatcherServlet with name 'appServlet'
11:31:37.272 [qtp1005748084-16] INFO  metrics.rest.AssociationController - 远程主机：0:0:0:0:0:0:0:1:58749； 远程地址：0:0:0:0:0:0:0:1；参数：flag;themeId;page0;directionASC;propertytid;size20;。业务：查询主题关联度信息
11:31:38.233 [qtp1005748084-15] WARN  org.springframework.web.servlet.PageNotFound - No mapping found for HTTP request with URI [/dashboard/ie-emulation-modes-warning.js] in DispatcherServlet with name 'appServlet'
11:31:38.296 [qtp1005748084-18] INFO  metrics.rest.DocumentController - 远程主机：0:0:0:0:0:0:0:1:58749； 远程地址：0:0:0:0:0:0:0:1；参数：gender2;brandEN;brandCN;merchandiseName;merchandiseId;。业务：统计文档信息
11:31:38.327 [qtp1005748084-16] WARN  org.springframework.web.servlet.PageNotFound - No mapping found for HTTP request with URI [/assets/flash/ZeroClipboard.swf] in DispatcherServlet with name 'appServlet'
11:31:38.351 [qtp1005748084-17] INFO  metrics.rest.DocumentController - 远程主机：0:0:0:0:0:0:0:1:58749； 远程地址：0:0:0:0:0:0:0:1；参数：merchandiseName;page0;directionASC;merchandiseId;gender2;brandEN;propertyid;brandCN;size20;。业务：查询文档信息
11:31:38.807 [qtp1005748084-19] INFO  annotation.log.SystemLogAspect - Controller===metrics.controller.MainController=====index=====创建元词:=====
11:31:38.889 [qtp1005748084-15] INFO  metrics.rest.ThemeController - 远程主机：0:0:0:0:0:0:0:1:58749； 远程地址：0:0:0:0:0:0:0:1；参数：word;。业务：统计查询主题词分页信息
11:31:38.955 [qtp1005748084-18] WARN  org.springframework.web.servlet.PageNotFound - No mapping found for HTTP request with URI [/assets/flash/ZeroClipboard.swf] in DispatcherServlet with name 'appServlet'
11:31:38.968 [qtp1005748084-16] INFO  metrics.rest.ThemeController - 远程主机：0:0:0:0:0:0:0:1:58749； 远程地址：0:0:0:0:0:0:0:1；参数：word;propertyid;page0;directionASC;size20;。业务：查询主题词信息
11:39:42.967 [qtp1005748084-18] INFO  metrics.rest.AssociationController - 远程主机：0:0:0:0:0:0:0:1:58968； 远程地址：0:0:0:0:0:0:0:1；参数：。业务：查询主题关联度信息
11:39:42.996 [qtp1005748084-16] WARN  org.springframework.web.servlet.PageNotFound - No mapping found for HTTP request with URI [/assets/flash/ZeroClipboard.swf] in DispatcherServlet with name 'appServlet'
11:39:43.059 [qtp1005748084-17] INFO  metrics.rest.AssociationController - 远程主机：0:0:0:0:0:0:0:1:58968； 远程地址：0:0:0:0:0:0:0:1；参数：flag;themeId;page0;directionASC;propertytid;size20;。业务：查询主题关联度信息
11:39:43.667 [qtp1005748084-15] WARN  org.springframework.web.servlet.PageNotFound - No mapping found for HTTP request with URI [/dashboard/ie-emulation-modes-warning.js] in DispatcherServlet with name 'appServlet'
11:39:43.736 [qtp1005748084-18] INFO  metrics.rest.DocumentController - 远程主机：0:0:0:0:0:0:0:1:58968； 远程地址：0:0:0:0:0:0:0:1；参数：gender2;brandEN;brandCN;merchandiseName;merchandiseId;。业务：统计文档信息
11:39:43.772 [qtp1005748084-16] WARN  org.springframework.web.servlet.PageNotFound - No mapping found for HTTP request with URI [/assets/flash/ZeroClipboard.swf] in DispatcherServlet with name 'appServlet'
11:39:43.802 [qtp1005748084-17] INFO  metrics.rest.DocumentController - 远程主机：0:0:0:0:0:0:0:1:58968； 远程地址：0:0:0:0:0:0:0:1；参数：merchandiseName;page0;directionASC;merchandiseId;gender2;brandEN;propertyid;brandCN;size20;。业务：查询文档信息
11:53:41.951 [qtp1005748084-17] WARN  org.springframework.web.servlet.PageNotFound - No mapping found for HTTP request with URI [/dashboard/ie-emulation-modes-warning.js] in DispatcherServlet with name 'appServlet'
11:53:42.103 [qtp1005748084-17] INFO  metrics.rest.DocumentController - 远程主机：0:0:0:0:0:0:0:1:59249； 远程地址：0:0:0:0:0:0:0:1；参数：gender2;brandEN;brandCN;merchandiseName;merchandiseId;。业务：统计文档信息
11:53:42.139 [qtp1005748084-18] WARN  org.springframework.web.servlet.PageNotFound - No mapping found for HTTP request with URI [/assets/flash/ZeroClipboard.swf] in DispatcherServlet with name 'appServlet'
11:53:42.196 [qtp1005748084-16] INFO  metrics.rest.DocumentController - 远程主机：0:0:0:0:0:0:0:1:59249； 远程地址：0:0:0:0:0:0:0:1；参数：merchandiseName;page0;directionASC;merchandiseId;gender2;brandEN;propertyid;brandCN;size20;。业务：查询文档信息
11:53:46.679 [qtp1005748084-15] INFO  annotation.log.SystemLogAspect - Controller===metrics.controller.MainController=====index=====创建元词:=====
11:53:46.977 [qtp1005748084-19] INFO  metrics.rest.ThemeController - 远程主机：0:0:0:0:0:0:0:1:59249； 远程地址：0:0:0:0:0:0:0:1；参数：word;。业务：统计查询主题词分页信息
11:53:47.012 [qtp1005748084-13] WARN  org.springframework.web.servlet.PageNotFound - No mapping found for HTTP request with URI [/assets/flash/ZeroClipboard.swf] in DispatcherServlet with name 'appServlet'
11:53:47.036 [qtp1005748084-18] INFO  metrics.rest.ThemeController - 远程主机：0:0:0:0:0:0:0:1:59249； 远程地址：0:0:0:0:0:0:0:1；参数：word;propertyid;page0;directionASC;size20;。业务：查询主题词信息
11:55:25.151 [qtp1005748084-13] INFO  annotation.log.SystemLogAspect - Controller===metrics.controller.MainController=====index=====创建元词:=====
11:55:25.506 [qtp1005748084-17] INFO  metrics.rest.ThemeController - 远程主机：0:0:0:0:0:0:0:1:59248； 远程地址：0:0:0:0:0:0:0:1；参数：word;。业务：统计查询主题词分页信息
11:55:25.545 [qtp1005748084-13] WARN  org.springframework.web.servlet.PageNotFound - No mapping found for HTTP request with URI [/assets/flash/ZeroClipboard.swf] in DispatcherServlet with name 'appServlet'
11:55:25.576 [qtp1005748084-18] INFO  metrics.rest.ThemeController - 远程主机：0:0:0:0:0:0:0:1:59248； 远程地址：0:0:0:0:0:0:0:1；参数：word;propertyid;page0;directionASC;size20;。业务：查询主题词信息
11:55:27.248 [qtp1005748084-15] WARN  org.springframework.web.servlet.PageNotFound - No mapping found for HTTP request with URI [/dashboard/ie-emulation-modes-warning.js] in DispatcherServlet with name 'appServlet'
11:55:27.313 [qtp1005748084-18] INFO  metrics.rest.DocumentController - 远程主机：0:0:0:0:0:0:0:1:59248； 远程地址：0:0:0:0:0:0:0:1；参数：gender2;brandEN;brandCN;merchandiseName;merchandiseId;。业务：统计文档信息
11:55:27.334 [qtp1005748084-16] WARN  org.springframework.web.servlet.PageNotFound - No mapping found for HTTP request with URI [/assets/flash/ZeroClipboard.swf] in DispatcherServlet with name 'appServlet'
11:55:27.377 [qtp1005748084-19] INFO  metrics.rest.DocumentController - 远程主机：0:0:0:0:0:0:0:1:59248； 远程地址：0:0:0:0:0:0:0:1；参数：merchandiseName;page0;directionASC;merchandiseId;gender2;brandEN;propertyid;brandCN;size20;。业务：查询文档信息
11:55:27.908 [qtp1005748084-18] INFO  metrics.rest.AssociationController - 远程主机：0:0:0:0:0:0:0:1:59245； 远程地址：0:0:0:0:0:0:0:1；参数：。业务：查询主题关联度信息
11:55:28.004 [qtp1005748084-16] WARN  org.springframework.web.servlet.PageNotFound - No mapping found for HTTP request with URI [/assets/flash/ZeroClipboard.swf] in DispatcherServlet with name 'appServlet'
11:55:28.027 [qtp1005748084-19] INFO  metrics.rest.AssociationController - 远程主机：0:0:0:0:0:0:0:1:59245； 远程地址：0:0:0:0:0:0:0:1；参数：flag;themeId;page0;directionASC;propertytid;size20;。业务：查询主题关联度信息
11:55:29.735 [qtp1005748084-15] WARN  org.springframework.web.servlet.PageNotFound - No mapping found for HTTP request with URI [/manager] in DispatcherServlet with name 'appServlet'
11:55:29.791 [qtp1005748084-16] WARN  org.springframework.web.servlet.PageNotFound - No mapping found for HTTP request with URI [/favicon.ico] in DispatcherServlet with name 'appServlet'
11:55:31.596 [qtp1005748084-17] WARN  org.springframework.web.servlet.PageNotFound - No mapping found for HTTP request with URI [/assets/flash/ZeroClipboard.swf] in DispatcherServlet with name 'appServlet'
11:55:31.630 [qtp1005748084-18] INFO  metrics.rest.AssociationController - 远程主机：0:0:0:0:0:0:0:1:59245； 远程地址：0:0:0:0:0:0:0:1；参数：flag;themeId;page0;directionASC;propertytid;size20;。业务：查询主题关联度信息
11:55:35.167 [qtp1005748084-16] WARN  org.springframework.web.servlet.PageNotFound - No mapping found for HTTP request with URI [/dashboard/ie-emulation-modes-warning.js] in DispatcherServlet with name 'appServlet'
11:55:35.245 [qtp1005748084-19] INFO  metrics.rest.DocumentController - 远程主机：0:0:0:0:0:0:0:1:59245； 远程地址：0:0:0:0:0:0:0:1；参数：gender2;brandEN;brandCN;merchandiseName;merchandiseId;。业务：统计文档信息
11:55:35.279 [qtp1005748084-13] WARN  org.springframework.web.servlet.PageNotFound - No mapping found for HTTP request with URI [/assets/flash/ZeroClipboard.swf] in DispatcherServlet with name 'appServlet'
11:55:35.304 [qtp1005748084-17] INFO  metrics.rest.DocumentController - 远程主机：0:0:0:0:0:0:0:1:59245； 远程地址：0:0:0:0:0:0:0:1；参数：merchandiseName;page0;directionASC;merchandiseId;gender2;brandEN;propertyid;brandCN;size20;。业务：查询文档信息
11:55:36.289 [qtp1005748084-15] INFO  annotation.log.SystemLogAspect - Controller===metrics.controller.MainController=====index=====创建元词:=====
11:55:36.398 [qtp1005748084-19] INFO  metrics.rest.ThemeController - 远程主机：0:0:0:0:0:0:0:1:59245； 远程地址：0:0:0:0:0:0:0:1；参数：word;。业务：统计查询主题词分页信息
11:55:36.492 [qtp1005748084-13] WARN  org.springframework.web.servlet.PageNotFound - No mapping found for HTTP request with URI [/assets/flash/ZeroClipboard.swf] in DispatcherServlet with name 'appServlet'
11:55:36.492 [qtp1005748084-17] INFO  metrics.rest.ThemeController - 远程主机：0:0:0:0:0:0:0:1:59248； 远程地址：0:0:0:0:0:0:0:1；参数：word;propertyid;page0;directionASC;size20;。业务：查询主题词信息
11:55:37.194 [qtp1005748084-15] WARN  org.springframework.web.servlet.PageNotFound - No mapping found for HTTP request with URI [/dashboard/ie-emulation-modes-warning.js] in DispatcherServlet with name 'appServlet'
11:55:37.251 [qtp1005748084-19] INFO  metrics.rest.DocumentController - 远程主机：0:0:0:0:0:0:0:1:59248； 远程地址：0:0:0:0:0:0:0:1；参数：gender2;brandEN;brandCN;merchandiseName;merchandiseId;。业务：统计文档信息
11:55:37.282 [qtp1005748084-13] WARN  org.springframework.web.servlet.PageNotFound - No mapping found for HTTP request with URI [/assets/flash/ZeroClipboard.swf] in DispatcherServlet with name 'appServlet'
11:55:37.323 [qtp1005748084-17] INFO  metrics.rest.DocumentController - 远程主机：0:0:0:0:0:0:0:1:59248； 远程地址：0:0:0:0:0:0:0:1；参数：merchandiseName;page0;directionASC;merchandiseId;gender2;brandEN;propertyid;brandCN;size20;。业务：查询文档信息
11:55:38.016 [qtp1005748084-13] INFO  metrics.rest.AssociationController - 远程主机：0:0:0:0:0:0:0:1:59245； 远程地址：0:0:0:0:0:0:0:1；参数：。业务：查询主题关联度信息
11:55:38.059 [qtp1005748084-18] WARN  org.springframework.web.servlet.PageNotFound - No mapping found for HTTP request with URI [/assets/flash/ZeroClipboard.swf] in DispatcherServlet with name 'appServlet'
11:55:38.103 [qtp1005748084-17] INFO  metrics.rest.AssociationController - 远程主机：0:0:0:0:0:0:0:1:59248； 远程地址：0:0:0:0:0:0:0:1；参数：flag;themeId;page0;directionASC;propertytid;size20;。业务：查询主题关联度信息
